生成启动时间为 2014/5/26 15:00:40。
     1>项目“C:\Users\Administrator\Desktop\temp\数据库大作业\客户端\客户终端\客户终端\客户终端.vcxproj”在节点 2 上(Build 个目标)。
     1>ClCompile:
         C:\Program Files\Microsoft Visual Studio 11.0\VC\bin\CL.exe /c /ZI /nologo /W3 /WX- /sdl /Od /Oy- /D WIN32 /D _WINDOWS /D _DEBUG /D _MBCS /D _AFXDLL /Gm /EHsc /RTC1 /MDd /GS /fp:precise /Zc:wchar_t /Zc:forScope /Yu"stdafx.h" /Fp"Debug\客户终端.pch" /Fo"Debug\\" /Fd"Debug\vc110.pdb" /Gd /TP /analyze- /errorReport:prompt Chat.cpp DinnerMenu.cpp MyMenu.cpp Service.cpp ServiceVip.cpp "客户终端.cpp" "客户终端Dlg.cpp"
         客户终端Dlg.cpp
         正在生成代码...
         正在跳过...(未检测到相关更改)
         客户终端.cpp
         ServiceVip.cpp
         Service.cpp
         MyMenu.cpp
         DinnerMenu.cpp
         Chat.cpp
       ResourceCompile:
         C:\Program Files\Windows Kits\8.0\bin\x86\rc.exe /D _DEBUG /D _AFXDLL /l"0x0804" /IDebug\ /nologo /fo"Debug\客户终端.res" "客户终端.rc" 
       Link:
         C:\Program Files\Microsoft Visual Studio 11.0\VC\bin\link.exe /ERRORREPORT:PROMPT /OUT:"C:\Users\Administrator\Desktop\temp\数据库大作业\客户端\客户终端\Debug\客户终端.exe" /INCREMENTAL /NOLOGO ws2_32.lib /MANIFEST /MANIFESTUAC:"level='asInvoker' uiAccess='false'" /manifest:embed /manifestinput:"C:\Program Files\Microsoft Visual Studio 11.0\VC\Include\Manifest\dpiaware.manifest" /DEBUG /PDB:"C:\Users\Administrator\Desktop\temp\数据库大作业\客户端\客户终端\Debug\客户终端.pdb" /SUBSYSTEM:WINDOWS /TLBID:1 /DYNAMICBASE /NXCOMPAT /IMPLIB:"C:\Users\Administrator\Desktop\temp\数据库大作业\客户端\客户终端\Debug\客户终端.lib" /MACHINE:X86 "Debug\客户终端.res"
         Debug\Chat.obj
         Debug\DinnerMenu.obj
         Debug\MyMenu.obj
         Debug\Service.obj
         Debug\ServiceVip.obj
         Debug\stdafx.obj
         "Debug\客户终端.obj"
         "Debug\客户终端Dlg.obj"
         客户终端.vcxproj -> C:\Users\Administrator\Desktop\temp\数据库大作业\客户端\客户终端\Debug\客户终端.exe
     1>已完成生成项目“C:\Users\Administrator\Desktop\temp\数据库大作业\客户端\客户终端\客户终端\客户终端.vcxproj”(Build 个目标)的操作。

生成成功。

已用时间 00:00:23.28
