生成启动时间为 2014/6/5 22:08:14。
     1>项目“C:\Users\Administrator\Desktop\大作业终稿本地\管理终端\管理终端\管理终端.vcxproj”在节点 2 上(Build 个目标)。
     1>ClCompile:
         C:\Program Files\Microsoft Visual Studio 11.0\VC\bin\CL.exe /c /ZI /nologo /W3 /WX- /sdl /Od /Oy- /D WIN32 /D _WINDOWS /D _DEBUG /D _MBCS /D _AFXDLL /Gm /EHsc /RTC1 /MDd /GS /fp:precise /Zc:wchar_t /Zc:forScope /Yu"stdafx.h" /Fp"Debug\管理终端.pch" /Fo"Debug\\" /Fd"Debug\vc110.pdb" /Gd /TP /analyze- /errorReport:prompt AllBill.cpp Chat.cpp DeptAdd.cpp DeptUpdte.cpp DishesAdd.cpp DishesUpdate.cpp Goods.cpp GoodsAdd.cpp GoodsUpdate.cpp Purchase.cpp TableAdd.cpp TableUpdate.cpp WorkPlatform.cpp "管理终端.cpp" "管理终端Dlg.cpp"
         Goods.cpp
         DeptUpdte.cpp
         正在生成代码...
         正在跳过...(未检测到相关更改)
         管理终端Dlg.cpp
         管理终端.cpp
         WorkPlatform.cpp
         TableUpdate.cpp
         TableAdd.cpp
         Purchase.cpp
         GoodsUpdate.cpp
         GoodsAdd.cpp
         DishesUpdate.cpp
         DishesAdd.cpp
         DeptAdd.cpp
         Chat.cpp
         AllBill.cpp
       ResourceCompile:
         C:\Program Files\Windows Kits\8.0\bin\x86\rc.exe /D _DEBUG /D _AFXDLL /l"0x0804" /IDebug\ /nologo /fo"Debug\管理终端.res" "管理终端.rc" 
       Link:
         C:\Program Files\Microsoft Visual Studio 11.0\VC\bin\link.exe /ERRORREPORT:PROMPT /OUT:"C:\Users\Administrator\Desktop\大作业终稿本地\管理终端\Debug\管理终端.exe" /INCREMENTAL /NOLOGO /MANIFEST /MANIFESTUAC:"level='asInvoker' uiAccess='false'" /manifest:embed /manifestinput:"C:\Program Files\Microsoft Visual Studio 11.0\VC\Include\Manifest\dpiaware.manifest" /DEBUG /PDB:"C:\Users\Administrator\Desktop\大作业终稿本地\管理终端\Debug\管理终端.pdb" /SUBSYSTEM:WINDOWS /TLBID:1 /DYNAMICBASE /NXCOMPAT /IMPLIB:"C:\Users\Administrator\Desktop\大作业终稿本地\管理终端\Debug\管理终端.lib" /MACHINE:X86 "Debug\管理终端.res"
         Debug\AllBill.obj
         Debug\Chat.obj
         Debug\DeptAdd.obj
         Debug\DeptUpdte.obj
         Debug\DishesAdd.obj
         Debug\DishesUpdate.obj
         Debug\Goods.obj
         Debug\GoodsAdd.obj
         Debug\GoodsUpdate.obj
         Debug\Purchase.obj
         Debug\stdafx.obj
         Debug\TableAdd.obj
         Debug\TableUpdate.obj
         Debug\WorkPlatform.obj
         "Debug\管理终端.obj"
         "Debug\管理终端Dlg.obj"
         管理终端.vcxproj -> C:\Users\Administrator\Desktop\大作业终稿本地\管理终端\Debug\管理终端.exe
     1>已完成生成项目“C:\Users\Administrator\Desktop\大作业终稿本地\管理终端\管理终端\管理终端.vcxproj”(Build 个目标)的操作。

生成成功。

已用时间 00:00:02.16
